[    70.050] (--) Log file renamed from "/home/angrycharas/.local/share/xorg/Xorg.pid-1143.log" to "/home/angrycharas/.local/share/xorg/Xorg.0.log"
[    70.051] 
X.Org X Server 1.19.6
Release Date: 2017-12-20
[    70.052] X Protocol Version 11, Revision 0
[    70.052] Build Operating System: Linux 4.4.0-119-generic x86_64 Ubuntu
[    70.052] Current Operating System: Linux angrycharas-Lenovo-ideapad-320-15IKB 4.15.0-43-generic #46-Ubuntu SMP Thu Dec 6 14:45:28 UTC 2018 x86_64
[    70.052] Kernel command line: BOOT_IMAGE=/boot/vmlinuz-4.15.0-43-generic root=UUID=6035eb28-58c3-4312-b416-98df0373d3ed ro quiet splash vt.handoff=1
[    70.052] Build Date: 13 April 2018  08:07:36PM
[    70.052] xorg-server 2:1.19.6-1ubuntu4 (For technical support please see http://www.ubuntu.com/support) 
[    70.052] Current version of pixman: 0.34.0
[    70.052] 	Before reporting problems, check http://wiki.x.org
	to make sure that you have the latest version.
[    70.052] Markers: (--) probed, (**) from config file, (==) default setting,
	(++) from command line, (!!) notice, (II) informational,
	(WW) warning, (EE) error, (NI) not implemented, (??) unknown.
[    70.052] (==) Log file: "/home/angrycharas/.local/share/xorg/Xorg.0.log", Time: Tue Jan 29 21:26:23 2019
[    70.086] (==) Using system config directory "/usr/share/X11/xorg.conf.d"
[    70.087] (==) No Layout section.  Using the first Screen section.
[    70.087] (==) No screen section available. Using defaults.
[    70.087] (**) |-->Screen "Default Screen Section" (0)
[    70.087] (**) |   |-->Monitor "<default monitor>"
[    70.088] (==) No monitor specified for screen "Default Screen Section".
	Using a default monitor configuration.
[    70.088] (==) Automatically adding devices
[    70.088] (==) Automatically enabling devices
[    70.088] (==) Automatically adding GPU devices
[    70.088] (==) Automatically binding GPU devices
[    70.088] (==) Max clients allowed: 256, resource mask: 0x1fffff
[    70.088] (WW) The directory "/usr/share/fonts/X11/cyrillic" does not exist.
[    70.088] 	Entry deleted from font path.
[    70.088] (WW) The directory "/usr/share/fonts/X11/100dpi/" does not exist.
[    70.088] 	Entry deleted from font path.
[    70.088] (WW) The directory "/usr/share/fonts/X11/75dpi/" does not exist.
[    70.088] 	Entry deleted from font path.
[    70.088] (WW) The directory "/usr/share/fonts/X11/100dpi" does not exist.
[    70.088] 	Entry deleted from font path.
[    70.088] (WW) The directory "/usr/share/fonts/X11/75dpi" does not exist.
[    70.088] 	Entry deleted from font path.
[    70.088] (==) FontPath set to:
	/usr/share/fonts/X11/misc,
	/usr/share/fonts/X11/Type1,
	built-ins
[    70.088] (==) ModulePath set to "/usr/lib/xorg/modules"
[    70.088] (II) The server relies on udev to provide the list of input devices.
	If no devices become available, reconfigure udev or disable AutoAddDevices.
[    70.088] (II) Loader magic: 0x55a524b1e020
[    70.088] (II) Module ABI versions:
[    70.088] 	X.Org ANSI C Emulation: 0.4
[    70.088] 	X.Org Video Driver: 23.0
[    70.088] 	X.Org XInput driver : 24.1
[    70.088] 	X.Org Server Extension : 10.0
[    70.089] (++) using VT number 2

[    70.091] (II) systemd-logind: took control of session /org/freedesktop/login1/session/_32
[    70.092] (II) xfree86: Adding drm device (/dev/dri/card0)
[    70.092] (II) systemd-logind: got fd for /dev/dri/card0 226:0 fd 12 paused 0
[    70.093] (II) xfree86: Adding drm device (/dev/dri/card1)
[    70.094] (II) systemd-logind: got fd for /dev/dri/card1 226:1 fd 13 paused 0
[    70.096] (--) PCI:*(0:0:2:0) 8086:5916:17aa:38e2 rev 2, Mem @ 0x92000000/16777216, 0xa0000000/268435456, I/O @ 0x00005000/64, BIOS @ 0x????????/131072
[    70.096] (--) PCI: (0:1:0:0) 10de:134d:17aa:38e2 rev 162, Mem @ 0x93000000/16777216, 0x80000000/268435456, 0x90000000/33554432, I/O @ 0x00004000/128
[    70.096] (II) LoadModule: "glx"
[    70.096] (II) Loading /usr/lib/xorg/modules/extensions/libglx.so
[    70.097] (II) Module glx: vendor="X.Org Foundation"
[    70.097] 	compiled for 1.19.6, module version = 1.0.0
[    70.097] 	ABI class: X.Org Server Extension, version 10.0
[    70.097] (==) Matched nouveau as autoconfigured driver 0
[    70.097] (==) Matched modesetting as autoconfigured driver 1
[    70.097] (==) Matched fbdev as autoconfigured driver 2
[    70.097] (==) Matched vesa as autoconfigured driver 3
[    70.097] (==) Assigned the driver to the xf86ConfigLayout
[    70.097] (II) LoadModule: "nouveau"
[    70.097] (II) Loading /usr/lib/xorg/modules/drivers/nouveau_drv.so
[    70.097] (II) Module nouveau: vendor="X.Org Foundation"
[    70.097] 	compiled for 1.19.3, module version = 1.0.15
[    70.097] 	Module class: X.Org Video Driver
[    70.098] 	ABI class: X.Org Video Driver, version 23.0
[    70.098] (II) LoadModule: "modesetting"
[    70.098] (II) Loading /usr/lib/xorg/modules/drivers/modesetting_drv.so
[    70.098] (II) Module modesetting: vendor="X.Org Foundation"
[    70.098] 	compiled for 1.19.6, module version = 1.19.6
[    70.098] 	Module class: X.Org Video Driver
[    70.098] 	ABI class: X.Org Video Driver, version 23.0
[    70.098] (II) LoadModule: "fbdev"
[    70.098] (II) Loading /usr/lib/xorg/modules/drivers/fbdev_drv.so
[    70.098] (II) Module fbdev: vendor="X.Org Foundation"
[    70.098] 	compiled for 1.19.3, module version = 0.4.4
[    70.098] 	Module class: X.Org Video Driver
[    70.098] 	ABI class: X.Org Video Driver, version 23.0
[    70.098] (II) LoadModule: "vesa"
[    70.098] (II) Loading /usr/lib/xorg/modules/drivers/vesa_drv.so
[    70.098] (II) Module vesa: vendor="X.Org Foundation"
[    70.098] 	compiled for 1.19.3, module version = 2.3.4
[    70.098] 	Module class: X.Org Video Driver
[    70.098] 	ABI class: X.Org Video Driver, version 23.0
[    70.098] (II) NOUVEAU driver Date:   Fri Apr 21 14:41:17 2017 -0400
[    70.098] (II) NOUVEAU driver for NVIDIA chipset families :
[    70.098] 	RIVA TNT        (NV04)
[    70.098] 	RIVA TNT2       (NV05)
[    70.098] 	GeForce 256     (NV10)
[    70.098] 	GeForce 2       (NV11, NV15)
[    70.098] 	GeForce 4MX     (NV17, NV18)
[    70.098] 	GeForce 3       (NV20)
[    70.098] 	GeForce 4Ti     (NV25, NV28)
[    70.098] 	GeForce FX      (NV3x)
[    70.098] 	GeForce 6       (NV4x)
[    70.098] 	GeForce 7       (G7x)
[    70.098] 	GeForce 8       (G8x)
[    70.098] 	GeForce GTX 200 (NVA0)
[    70.098] 	GeForce GTX 400 (NVC0)
[    70.098] (II) modesetting: Driver for Modesetting Kernel Drivers: kms
[    70.098] (II) FBDEV: driver for framebuffer: fbdev
[    70.098] (II) VESA: driver for VESA chipsets: vesa
[    70.098] xf86EnableIOPorts: failed to set IOPL for I/O (Operation not permitted)
[    70.099] (II) modeset(0): using drv /dev/dri/card0
[    70.099] (WW) Falling back to old probe method for fbdev
[    70.099] (II) Loading sub module "fbdevhw"
[    70.099] (II) LoadModule: "fbdevhw"
[    70.099] (II) Loading /usr/lib/xorg/modules/libfbdevhw.so
[    70.099] (II) Module fbdevhw: vendor="X.Org Foundation"
[    70.099] 	compiled for 1.19.6, module version = 0.0.2
[    70.099] 	ABI class: X.Org Video Driver, version 23.0
[    70.099] (EE) open /dev/fb0: Permission denied
[    70.099] (WW) Falling back to old probe method for vesa
[    70.099] (II) [drm] nouveau interface version: 1.3.1
[    70.099] (WW) VGA arbiter: cannot open kernel arbiter, no multi-card support
[    70.099] (II) modeset(0): Creating default Display subsection in Screen section
	"Default Screen Section" for depth/fbbpp 24/32
[    70.099] (==) modeset(0): Depth 24, (==) framebuffer bpp 32
[    70.099] (==) modeset(0): RGB weight 888
[    70.099] (==) modeset(0): Default visual is TrueColor
[    70.099] (II) Loading sub module "glamoregl"
[    70.099] (II) LoadModule: "glamoregl"
[    70.099] (II) Loading /usr/lib/xorg/modules/libglamoregl.so
[    70.102] (II) Module glamoregl: vendor="X.Org Foundation"
[    70.102] 	compiled for 1.19.6, module version = 1.0.0
[    70.102] 	ABI class: X.Org ANSI C Emulation, version 0.4
[    70.102] (II) glamor: OpenGL accelerated X.org driver based.
[    70.113] (II) glamor: EGL version 1.4 (DRI2):
[    70.116] (II) modeset(0): glamor initialized
[    70.117] (II) modeset(0): Output eDP-1 has no monitor section
[    70.128] (II) modeset(0): Output HDMI-1 has no monitor section
[    70.129] (II) modeset(0): EDID for output eDP-1
[    70.129] (II) modeset(0): Manufacturer: BOE  Model: 675  Serial#: 0
[    70.129] (II) modeset(0): Year: 2015  Week: 1
[    70.129] (II) modeset(0): EDID Version: 1.4
[    70.129] (II) modeset(0): Digital Display Input
[    70.129] (II) modeset(0): 6 bits per channel
[    70.129] (II) modeset(0): Digital interface is DisplayPort
[    70.129] (II) modeset(0): Max Image Size [cm]: horiz.: 34  vert.: 19
[    70.129] (II) modeset(0): Gamma: 2.20
[    70.129] (II) modeset(0): No DPMS capabilities specified
[    70.129] (II) modeset(0): Supported color encodings: RGB 4:4:4 
[    70.129] (II) modeset(0): First detailed timing is preferred mode
[    70.129] (II) modeset(0): Preferred mode is native pixel format and refresh rate
[    70.129] (II) modeset(0): redX: 0.590 redY: 0.350   greenX: 0.329 greenY: 0.555
[    70.129] (II) modeset(0): blueX: 0.152 blueY: 0.118   whiteX: 0.312 whiteY: 0.328
[    70.129] (II) modeset(0): Manufacturer's mask: 0
[    70.129] (II) modeset(0): Supported detailed timing:
[    70.129] (II) modeset(0): clock: 72.3 MHz   Image Size:  344 x 194 mm
[    70.129] (II) modeset(0): h_active: 1366  h_sync: 1414  h_sync_end 1446 h_blank_end 1526 h_border: 0
[    70.129] (II) modeset(0): v_active: 768  v_sync: 771  v_sync_end 777 v_blanking: 790 v_border: 0
[    70.129] (II) modeset(0):  BOE CQ
[    70.129] (II) modeset(0):  NT156WHM-N42
[    70.129] (II) modeset(0): EDID (in hex):
[    70.129] (II) modeset(0): 	00ffffffffffff0009e5750600000000
[    70.129] (II) modeset(0): 	01190104952213780224109759548e27
[    70.129] (II) modeset(0): 	1e505400000001010101010101010101
[    70.129] (II) modeset(0): 	0101010101013e1c56a0500016303020
[    70.129] (II) modeset(0): 	360058c21000001a0000000000000000
[    70.129] (II) modeset(0): 	00000000000000000000000000fe0042
[    70.129] (II) modeset(0): 	4f452043510a202020202020000000fe
[    70.129] (II) modeset(0): 	004e5431353657484d2d4e34320a0026
[    70.129] (II) modeset(0): Printing probed modes for output eDP-1
[    70.129] (II) modeset(0): Modeline "1366x768"x60.0   72.30  1366 1414 1446 1526  768 771 777 790 +hsync -vsync (47.4 kHz eP)
[    70.129] (II) modeset(0): Modeline "1360x768"x59.8   84.75  1360 1432 1568 1776  768 771 781 798 -hsync +vsync (47.7 kHz d)
[    70.129] (II) modeset(0): Modeline "1360x768"x60.0   72.00  1360 1408 1440 1520  768 771 781 790 +hsync -vsync (47.4 kHz d)
[    70.129] (II) modeset(0): Modeline "1280x720"x120.0  156.12  1280 1376 1512 1744  720 721 724 746 doublescan -hsync +vsync (89.5 kHz d)
[    70.129] (II) modeset(0): Modeline "1280x720"x120.0  120.75  1280 1304 1320 1360  720 721 724 740 doublescan +hsync -vsync (88.8 kHz d)
[    70.129] (II) modeset(0): Modeline "1280x720"x59.9   74.50  1280 1344 1472 1664  720 723 728 748 -hsync +vsync (44.8 kHz d)
[    70.129] (II) modeset(0): Modeline "1280x720"x59.7   63.75  1280 1328 1360 1440  720 723 728 741 +hsync -vsync (44.3 kHz d)
[    70.129] (II) modeset(0): Modeline "1024x768"x120.1  133.47  1024 1100 1212 1400  768 768 770 794 doublescan -hsync +vsync (95.3 kHz d)
[    70.129] (II) modeset(0): Modeline "1024x768"x60.0   65.00  1024 1048 1184 1344  768 771 777 806 -hsync -vsync (48.4 kHz d)
[    70.129] (II) modeset(0): Modeline "960x720"x120.0  117.00  960 1024 1128 1300  720 720 722 750 doublescan -hsync +vsync (90.0 kHz d)
[    70.129] (II) modeset(0): Modeline "928x696"x120.1  109.15  928 976 1088 1264  696 696 698 719 doublescan -hsync +vsync (86.4 kHz d)
[    70.129] (II) modeset(0): Modeline "896x672"x120.0  102.40  896 960 1060 1224  672 672 674 697 doublescan -hsync +vsync (83.7 kHz d)
[    70.129] (II) modeset(0): Modeline "1024x576"x119.9   98.50  1024 1092 1200 1376  576 577 580 597 doublescan -hsync +vsync (71.6 kHz d)
[    70.129] (II) modeset(0): Modeline "1024x576"x119.9   78.38  1024 1048 1064 1104  576 577 580 592 doublescan +hsync -vsync (71.0 kHz d)
[    70.129] (II) modeset(0): Modeline "1024x576"x59.9   46.50  1024 1064 1160 1296  576 579 584 599 -hsync +vsync (35.9 kHz d)
[    70.129] (II) modeset(0): Modeline "1024x576"x59.8   42.00  1024 1072 1104 1184  576 579 584 593 +hsync -vsync (35.5 kHz d)
[    70.129] (II) modeset(0): Modeline "960x600"x119.9   96.62  960 1028 1128 1296  600 601 604 622 doublescan -hsync +vsync (74.6 kHz d)
[    70.129] (II) modeset(0): Modeline "960x600"x120.0   77.00  960 984 1000 1040  600 601 604 617 doublescan +hsync -vsync (74.0 kHz d)
[    70.129] (II) modeset(0): Modeline "960x540"x119.9   86.50  960 1024 1124 1288  540 541 544 560 doublescan -hsync +vsync (67.2 kHz d)
[    70.129] (II) modeset(0): Modeline "960x540"x120.0   69.25  960 984 1000 1040  540 541 544 555 doublescan +hsync -vsync (66.6 kHz d)
[    70.129] (II) modeset(0): Modeline "960x540"x59.6   40.75  960 992 1088 1216  540 543 548 562 -hsync +vsync (33.5 kHz d)
[    70.129] (II) modeset(0): Modeline "960x540"x59.8   37.25  960 1008 1040 1120  540 543 548 556 +hsync -vsync (33.3 kHz d)
[    70.129] (II) modeset(0): Modeline "800x600"x120.0   81.00  800 832 928 1080  600 600 602 625 doublescan +hsync +vsync (75.0 kHz d)
[    70.129] (II) modeset(0): Modeline "800x600"x60.3   40.00  800 840 968 1056  600 601 605 628 +hsync +vsync (37.9 kHz d)
[    70.129] (II) modeset(0): Modeline "800x600"x56.2   36.00  800 824 896 1024  600 601 603 625 +hsync +vsync (35.2 kHz d)
[    70.129] (II) modeset(0): Modeline "840x525"x120.0   73.12  840 892 980 1120  525 526 529 544 doublescan -hsync +vsync (65.3 kHz d)
[    70.129] (II) modeset(0): Modeline "840x525"x119.8   59.50  840 864 880 920  525 526 529 540 doublescan +hsync -vsync (64.7 kHz d)
[    70.129] (II) modeset(0): Modeline "864x486"x59.9   32.50  864 888 968 1072  486 489 494 506 -hsync +vsync (30.3 kHz d)
[    70.129] (II) modeset(0): Modeline "864x486"x59.6   30.50  864 912 944 1024  486 489 494 500 +hsync -vsync (29.8 kHz d)
[    70.129] (II) modeset(0): Modeline "800x512"x120.3   51.56  800 800 828 832  512 512 514 515 doublescan +hsync +vsync (62.0 kHz d)
[    70.129] (II) modeset(0): Modeline "700x525"x120.0   61.00  700 744 820 940  525 526 532 541 doublescan +hsync +vsync (64.9 kHz d)
[    70.129] (II) modeset(0): Modeline "800x450"x119.9   59.12  800 848 928 1056  450 451 454 467 doublescan -hsync +vsync (56.0 kHz d)
[    70.129] (II) modeset(0): Modeline "800x450"x119.6   48.75  800 824 840 880  450 451 454 463 doublescan +hsync -vsync (55.4 kHz d)
[    70.129] (II) modeset(0): Modeline "640x512"x120.0   54.00  640 664 720 844  512 512 514 533 doublescan +hsync +vsync (64.0 kHz d)
[    70.129] (II) modeset(0): Modeline "720x450"x119.8   53.25  720 760 836 952  450 451 454 467 doublescan -hsync +vsync (55.9 kHz d)
[    70.129] (II) modeset(0): Modeline "700x450"x119.9   51.75  700 740 812 924  450 451 456 467 doublescan -hsync +vsync (56.0 kHz d)
[    70.129] (II) modeset(0): Modeline "700x450"x119.8   43.25  700 724 740 780  450 451 456 463 doublescan +hsync -vsync (55.4 kHz d)
[    70.130] (II) modeset(0): Modeline "640x480"x120.0   54.00  640 688 744 900  480 480 482 500 doublescan +hsync +vsync (60.0 kHz d)
[    70.130] (II) modeset(0): Modeline "640x480"x59.9   25.18  640 656 752 800  480 490 492 525 -hsync -vsync (31.5 kHz d)
[    70.130] (II) modeset(0): Modeline "720x405"x59.5   22.50  720 744 808 896  405 408 413 422 -hsync +vsync (25.1 kHz d)
[    70.130] (II) modeset(0): Modeline "720x405"x59.0   21.75  720 768 800 880  405 408 413 419 +hsync -vsync (24.7 kHz d)
[    70.130] (II) modeset(0): Modeline "684x384"x119.8   42.62  684 720 788 892  384 385 390 399 doublescan -hsync +vsync (47.8 kHz d)
[    70.130] (II) modeset(0): Modeline "684x384"x119.7   36.12  684 708 724 764  384 385 390 395 doublescan +hsync -vsync (47.3 kHz d)
[    70.130] (II) modeset(0): Modeline "680x384"x119.6   42.38  680 716 784 888  384 385 390 399 doublescan -hsync +vsync (47.7 kHz d)
[    70.130] (II) modeset(0): Modeline "680x384"x119.9   36.00  680 704 720 760  384 385 390 395 doublescan +hsync -vsync (47.4 kHz d)
[    70.130] (II) modeset(0): Modeline "640x400"x119.8   41.75  640 676 740 840  400 401 404 415 doublescan -hsync +vsync (49.7 kHz d)
[    70.130] (II) modeset(0): Modeline "640x400"x120.0   35.50  640 664 680 720  400 401 404 411 doublescan +hsync -vsync (49.3 kHz d)
[    70.130] (II) modeset(0): Modeline "576x432"x120.1   40.81  576 608 668 760  432 432 434 447 doublescan -hsync +vsync (53.7 kHz d)
[    70.130] (II) modeset(0): Modeline "640x360"x119.7   37.25  640 672 736 832  360 361 364 374 doublescan -hsync +vsync (44.8 kHz d)
[    70.130] (II) modeset(0): Modeline "640x360"x119.7   31.88  640 664 680 720  360 361 364 370 doublescan +hsync -vsync (44.3 kHz d)
[    70.130] (II) modeset(0): Modeline "640x360"x59.8   18.00  640 664 720 800  360 363 368 376 -hsync +vsync (22.5 kHz d)
[    70.130] (II) modeset(0): Modeline "640x360"x59.3   17.75  640 688 720 800  360 363 368 374 +hsync -vsync (22.2 kHz d)
[    70.130] (II) modeset(0): Modeline "512x384"x120.0   32.50  512 524 592 672  384 385 388 403 doublescan -hsync -vsync (48.4 kHz d)
[    70.130] (II) modeset(0): Modeline "512x288"x120.0   23.25  512 532 580 648  288 289 292 299 doublescan -hsync +vsync (35.9 kHz d)
[    70.130] (II) modeset(0): Modeline "512x288"x119.8   21.00  512 536 552 592  288 289 292 296 doublescan +hsync -vsync (35.5 kHz d)
[    70.130] (II) modeset(0): Modeline "480x270"x119.3   20.38  480 496 544 608  270 271 274 281 doublescan -hsync +vsync (33.5 kHz d)
[    70.130] (II) modeset(0): Modeline "480x270"x119.6   18.62  480 504 520 560  270 271 274 278 doublescan +hsync -vsync (33.3 kHz d)
[    70.130] (II) modeset(0): Modeline "400x300"x120.6   20.00  400 420 484 528  300 300 302 314 doublescan +hsync +vsync (37.9 kHz d)
[    70.130] (II) modeset(0): Modeline "400x300"x112.7   18.00  400 412 448 512  300 300 301 312 doublescan +hsync +vsync (35.2 kHz d)
[    70.130] (II) modeset(0): Modeline "432x243"x119.8   16.25  432 444 484 536  243 244 247 253 doublescan -hsync +vsync (30.3 kHz d)
[    70.130] (II) modeset(0): Modeline "432x243"x119.1   15.25  432 456 472 512  243 244 247 250 doublescan +hsync -vsync (29.8 kHz d)
[    70.130] (II) modeset(0): Modeline "320x240"x120.1   12.59  320 328 376 400  240 245 246 262 doublescan -hsync -vsync (31.5 kHz d)
[    70.130] (II) modeset(0): Modeline "360x202"x119.0   11.25  360 372 404 448  202 204 206 211 doublescan -hsync +vsync (25.1 kHz d)
[    70.130] (II) modeset(0): Modeline "360x202"x118.3   10.88  360 384 400 440  202 204 206 209 doublescan +hsync -vsync (24.7 kHz d)
[    70.130] (II) modeset(0): Modeline "320x180"x119.7    9.00  320 332 360 400  180 181 184 188 doublescan -hsync +vsync (22.5 kHz d)
[    70.130] (II) modeset(0): Modeline "320x180"x118.6    8.88  320 344 360 400  180 181 184 187 doublescan +hsync -vsync (22.2 kHz d)
[    70.141] (II) modeset(0): EDID for output HDMI-1
[    70.141] (II) modeset(0): Output eDP-1 connected
[    70.141] (II) modeset(0): Output HDMI-1 disconnected
[    70.141] (II) modeset(0): Using exact sizes for initial modes
[    70.141] (II) modeset(0): Output eDP-1 using initial mode 1366x768 +0+0
[    70.141] (==) modeset(0): Using gamma correction (1.0, 1.0, 1.0)
[    70.141] (==) modeset(0): DPI set to (96, 96)
[    70.141] (II) Loading sub module "fb"
[    70.141] (II) LoadModule: "fb"
[    70.141] (II) Loading /usr/lib/xorg/modules/libfb.so
[    70.141] (II) Module fb: vendor="X.Org Foundation"
[    70.141] 	compiled for 1.19.6, module version = 1.0.0
[    70.141] 	ABI class: X.Org ANSI C Emulation, version 0.4
[    70.141] (II) Loading sub module "dri2"
[    70.141] (II) LoadModule: "dri2"
[    70.141] (II) Module "dri2" already built-in
[    70.141] (--) NOUVEAU(G0): Chipset: "NVIDIA NV118"
[    70.141] (==) NOUVEAU(G0): Depth 24, (--) framebuffer bpp 32
[    70.141] (==) NOUVEAU(G0): RGB weight 888
[    70.141] (==) NOUVEAU(G0): Default visual is TrueColor
[    70.141] (==) NOUVEAU(G0): Using HW cursor
[    70.141] (==) NOUVEAU(G0): Allowed maximum DRI level 2.
[    70.141] (==) NOUVEAU(G0): GLX sync to VBlank enabled.
[    70.141] (==) NOUVEAU(G0): Page flipping enabled
[    70.141] (==) NOUVEAU(G0): Swap limit set to 1 [Max allowed 2]
[    70.142] (==) NOUVEAU(G0): Page flipping synced to vblank by kernel.
[    70.142] (==) NOUVEAU(G0): Using gamma correction (1.0, 1.0, 1.0)
[    70.142] (--) NOUVEAU(G0): Virtual size is 1024x768 (pitch 0)
[    70.142] (**) NOUVEAU(G0):  Mode "1366x768": 84.8 MHz (scaled from 0.0 MHz), 47.7 kHz, 59.8 Hz
[    70.142] (II) NOUVEAU(G0): Modeline "1366x768"x59.8   84.75  1360 1432 1568 1776  768 771 781 798 -hsync +vsync (47.7 kHz)
[    70.142] (==) NOUVEAU(G0): DPI set to (96, 96)
[    70.142] (II) Loading sub module "fb"
[    70.142] (II) LoadModule: "fb"
[    70.142] (II) Loading /usr/lib/xorg/modules/libfb.so
[    70.142] (II) Module fb: vendor="X.Org Foundation"
[    70.142] 	compiled for 1.19.6, module version = 1.0.0
[    70.142] 	ABI class: X.Org ANSI C Emulation, version 0.4
[    70.142] (II) Loading sub module "shadowfb"
[    70.142] (II) LoadModule: "shadowfb"
[    70.142] (II) Loading /usr/lib/xorg/modules/libshadowfb.so
[    70.142] (II) Module shadowfb: vendor="X.Org Foundation"
[    70.142] 	compiled for 1.19.6, module version = 1.0.0
[    70.142] 	ABI class: X.Org ANSI C Emulation, version 0.4
[    70.142] (II) UnloadModule: "fbdev"
[    70.142] (II) Unloading fbdev
[    70.142] (II) UnloadSubModule: "fbdevhw"
[    70.142] (II) Unloading fbdevhw
[    70.142] (II) UnloadModule: "vesa"
[    70.142] (II) Unloading vesa
[    70.142] (==) Depth 24 pixmap format is 32 bpp
[    70.182] (II) NOUVEAU(G0): Channel setup complete.
[    70.183] (II) NOUVEAU(G0): [COPY] async initialised.
[    70.251] (II) NOUVEAU(G0): Hardware support for Present enabled
[    70.251] (II) NOUVEAU(G0): [DRI2] Setup complete
[    70.251] (II) NOUVEAU(G0): [DRI2]   DRI driver: nouveau
[    70.251] (II) NOUVEAU(G0): [DRI2]   VDPAU driver: nouveau
[    70.251] (II) Loading sub module "exa"
[    70.251] (II) LoadModule: "exa"
[    70.252] (II) Loading /usr/lib/xorg/modules/libexa.so
[    70.252] (II) Module exa: vendor="X.Org Foundation"
[    70.252] 	compiled for 1.19.6, module version = 2.6.0
[    70.252] 	ABI class: X.Org Video Driver, version 23.0
[    70.252] (II) EXA(256): Driver allocated offscreen pixmaps
[    70.252] (II) EXA(256): Driver registered support for the following operations:
[    70.252] (II)         Solid
[    70.252] (II)         Copy
[    70.252] (II)         Composite (RENDER acceleration)
[    70.252] (II)         UploadToScreen
[    70.252] (II)         DownloadFromScreen
[    70.252] (==) NOUVEAU(G0): Backing store enabled
[    70.252] (==) NOUVEAU(G0): Silken mouse enabled
[    70.252] (II) NOUVEAU(G0): [XvMC] Associated with Nouveau GeForce 8/9 Textured Video.
[    70.252] (EE) NOUVEAU(G0): [XvMC] Failed to initialize extension.
[    70.252] (==) NOUVEAU(G0): DPMS enabled
[    70.252] (II) NOUVEAU(G0): RandR 1.2 enabled, ignore the following RandR disabled message.
[    70.340] (==) modeset(0): Backing store enabled
[    70.340] (==) modeset(0): Silken mouse enabled
[    70.340] (II) modeset(0): RandR 1.2 enabled, ignore the following RandR disabled message.
[    70.394] (==) modeset(0): DPMS enabled
[    70.394] (II) modeset(0): [DRI2] Setup complete
[    70.394] (II) modeset(0): [DRI2]   DRI driver: i965
[    70.394] (II) modeset(0): [DRI2]   VDPAU driver: i965
[    70.394] (--) RandR disabled
[    70.398] (II) SELinux: Disabled on system
[    70.405] (II) AIGLX: enabled GLX_MESA_copy_sub_buffer
[    70.405] (II) AIGLX: enabled GLX_ARB_create_context
[    70.405] (II) AIGLX: enabled GLX_ARB_create_context_profile
[    70.405] (II) AIGLX: enabled GLX_EXT_create_context_es{,2}_profile
[    70.405] (II) AIGLX: enabled GLX_INTEL_swap_event
[    70.405] (II) AIGLX: enabled GLX_SGI_swap_control
[    70.405] (II) AIGLX: enabled GLX_EXT_framebuffer_sRGB
[    70.405] (II) AIGLX: enabled GLX_ARB_fbconfig_float
[    70.405] (II) AIGLX: enabled GLX_EXT_fbconfig_packed_float
[    70.405] (II) AIGLX: GLX_EXT_texture_from_pixmap backed by buffer objects
[    70.405] (II) AIGLX: enabled GLX_ARB_create_context_robustness
[    70.405] (II) AIGLX: Loaded and initialized i965
[    70.405] (II) GLX: Initialized DRI2 GL provider for screen 0
[    70.406] (II) NOUVEAU(G0): NVEnterVT is called.
[    70.409] (II) modeset(0): Damage tracking initialized
[    70.409] (II) modeset(0): Setting screen physical size to 361 x 203
[    70.452] (II) config/udev: Adding input device Video Bus (/dev/input/event3)
[    70.452] (**) Video Bus: Applying InputClass "libinput keyboard catchall"
[    70.452] (II) LoadModule: "libinput"
[    70.452] (II) Loading /usr/lib/xorg/modules/input/libinput_drv.so
[    70.453] (II) Module libinput: vendor="X.Org Foundation"
[    70.453] 	compiled for 1.19.6, module version = 0.27.1
[    70.453] 	Module class: X.Org XInput Driver
[    70.453] 	ABI class: X.Org XInput driver, version 24.1
[    70.453] (II) Using input driver 'libinput' for 'Video Bus'
[    70.454] (II) systemd-logind: got fd for /dev/input/event3 13:67 fd 22 paused 0
[    70.454] (**) Video Bus: always reports core events
[    70.454] (**) Option "Device" "/dev/input/event3"
[    70.454] (**) Option "_source" "server/udev"
[    70.454] (II) event3  - Video Bus: is tagged by udev as: Keyboard
[    70.454] (II) event3  - Video Bus: device is a keyboard
[    70.455] (II) event3  - Video Bus: device removed
[    70.455] (**) Option "config_info" "udev:/sys/devices/LNXSYSTM:00/LNXSYBUS:00/PNP0A08:00/LNXVIDEO:00/input/input3/event3"
[    70.455] (II) XINPUT: Adding extended input device "Video Bus" (type: KEYBOARD, id 6)
[    70.455] (**) Option "xkb_model" "pc105"
[    70.455] (**) Option "xkb_layout" "us"
[    70.455] (II) event3  - Video Bus: is tagged by udev as: Keyboard
[    70.455] (II) event3  - Video Bus: device is a keyboard
[    70.456] (II) config/udev: Adding input device Video Bus (/dev/input/event4)
[    70.456] (**) Video Bus: Applying InputClass "libinput keyboard catchall"
[    70.456] (II) Using input driver 'libinput' for 'Video Bus'
[    70.457] (II) systemd-logind: got fd for /dev/input/event4 13:68 fd 25 paused 0
[    70.457] (**) Video Bus: always reports core events
[    70.457] (**) Option "Device" "/dev/input/event4"
[    70.457] (**) Option "_source" "server/udev"
[    70.458] (II) event4  - Video Bus: is tagged by udev as: Keyboard
[    70.458] (II) event4  - Video Bus: device is a keyboard
[    70.458] (II) event4  - Video Bus: device removed
[    70.458] (**) Option "config_info" "udev:/sys/devices/LNXSYSTM:00/LNXSYBUS:00/PNP0A08:00/device:32/LNXVIDEO:01/input/input4/event4"
[    70.458] (II) XINPUT: Adding extended input device "Video Bus" (type: KEYBOARD, id 7)
[    70.458] (**) Option "xkb_model" "pc105"
[    70.458] (**) Option "xkb_layout" "us"
[    70.458] (II) event4  - Video Bus: is tagged by udev as: Keyboard
[    70.458] (II) event4  - Video Bus: device is a keyboard
[    70.459] (II) config/udev: Adding input device Power Button (/dev/input/event1)
[    70.459] (**) Power Button: Applying InputClass "libinput keyboard catchall"
[    70.459] (II) Using input driver 'libinput' for 'Power Button'
[    70.460] (II) systemd-logind: got fd for /dev/input/event1 13:65 fd 26 paused 0
[    70.460] (**) Power Button: always reports core events
[    70.460] (**) Option "Device" "/dev/input/event1"
[    70.460] (**) Option "_source" "server/udev"
[    70.460] (II) event1  - Power Button: is tagged by udev as: Keyboard
[    70.460] (II) event1  - Power Button: device is a keyboard
[    70.460] (II) event1  - Power Button: device removed
[    70.460] (**) Option "config_info" "udev:/sys/devices/LNXSYSTM:00/LNXSYBUS:00/PNP0C0C:00/input/input1/event1"
[    70.460] (II) XINPUT: Adding extended input device "Power Button" (type: KEYBOARD, id 8)
[    70.460] (**) Option "xkb_model" "pc105"
[    70.460] (**) Option "xkb_layout" "us"
[    70.461] (II) event1  - Power Button: is tagged by udev as: Keyboard
[    70.461] (II) event1  - Power Button: device is a keyboard
[    70.461] (II) config/udev: Adding input device Lid Switch (/dev/input/event0)
[    70.461] (II) No input driver specified, ignoring this device.
[    70.461] (II) This device may have been added with another device file.
[    70.462] (II) config/udev: Adding input device EasyCamera: EasyCamera (/dev/input/event6)
[    70.462] (**) EasyCamera: EasyCamera: Applying InputClass "libinput keyboard catchall"
[    70.462] (II) Using input driver 'libinput' for 'EasyCamera: EasyCamera'
[    70.462] (II) systemd-logind: got fd for /dev/input/event6 13:70 fd 27 paused 0
[    70.462] (**) EasyCamera: EasyCamera: always reports core events
[    70.462] (**) Option "Device" "/dev/input/event6"
[    70.462] (**) Option "_source" "server/udev"
[    70.463] (II) event6  - EasyCamera: EasyCamera: is tagged by udev as: Keyboard
[    70.463] (II) event6  - EasyCamera: EasyCamera: device is a keyboard
[    70.463] (II) event6  - EasyCamera: EasyCamera: device removed
[    70.463] (**) Option "config_info" "udev:/sys/devices/pci0000:00/0000:00:14.0/usb1/1-8/1-8:1.0/input/input6/event6"
[    70.463] (II) XINPUT: Adding extended input device "EasyCamera: EasyCamera" (type: KEYBOARD, id 9)
[    70.463] (**) Option "xkb_model" "pc105"
[    70.463] (**) Option "xkb_layout" "us"
[    70.464] (II) event6  - EasyCamera: EasyCamera: is tagged by udev as: Keyboard
[    70.464] (II) event6  - EasyCamera: EasyCamera: device is a keyboard
[    70.464] (II) config/udev: Adding input device Synaptics TM3336-001 (/dev/input/event7)
[    70.464] (**) Synaptics TM3336-001: Applying InputClass "libinput touchpad catchall"
[    70.464] (II) Using input driver 'libinput' for 'Synaptics TM3336-001'
[    70.573] (II) systemd-logind: got fd for /dev/input/event7 13:71 fd 28 paused 0
[    70.573] (**) Synaptics TM3336-001: always reports core events
[    70.573] (**) Option "Device" "/dev/input/event7"
[    70.573] (**) Option "_source" "server/udev"
[    70.574] (II) event7  - Synaptics TM3336-001: is tagged by udev as: Touchpad
[    70.575] (II) event7  - Synaptics TM3336-001: device is a touchpad
[    70.575] (II) event7  - Synaptics TM3336-001: device removed
[    70.575] (**) Option "config_info" "udev:/sys/devices/pci0000:00/0000:00:15.0/i2c_designware.0/i2c-7/i2c-SYNA2B33:00/0018:06CB:8251.0001/input/input7/event7"
[    70.575] (II) XINPUT: Adding extended input device "Synaptics TM3336-001" (type: TOUCHPAD, id 10)
[    70.575] (**) Option "AccelerationScheme" "none"
[    70.575] (**) Synaptics TM3336-001: (accel) selected scheme none/0
[    70.575] (**) Synaptics TM3336-001: (accel) acceleration factor: 2.000
[    70.575] (**) Synaptics TM3336-001: (accel) acceleration threshold: 4
[    70.576] (II) event7  - Synaptics TM3336-001: is tagged by udev as: Touchpad
[    70.577] (II) event7  - Synaptics TM3336-001: device is a touchpad
[    70.578] (II) config/udev: Adding input device Synaptics TM3336-001 (/dev/input/mouse0)
[    70.578] (II) No input driver specified, ignoring this device.
[    70.578] (II) This device may have been added with another device file.
[    70.580] (II) config/udev: Adding input device Ideapad extra buttons (/dev/input/event5)
[    70.580] (**) Ideapad extra buttons: Applying InputClass "libinput keyboard catchall"
[    70.580] (II) Using input driver 'libinput' for 'Ideapad extra buttons'
[    70.584] (II) systemd-logind: got fd for /dev/input/event5 13:69 fd 29 paused 0
[    70.584] (**) Ideapad extra buttons: always reports core events
[    70.584] (**) Option "Device" "/dev/input/event5"
[    70.584] (**) Option "_source" "server/udev"
[    70.586] (II) event5  - Ideapad extra buttons: is tagged by udev as: Keyboard
[    70.586] (II) event5  - Ideapad extra buttons: device is a keyboard
[    70.586] (II) event5  - Ideapad extra buttons: device removed
[    70.586] (**) Option "config_info" "udev:/sys/devices/pci0000:00/0000:00:1f.0/PNP0C09:00/VPC2004:00/input/input5/event5"
[    70.586] (II) XINPUT: Adding extended input device "Ideapad extra buttons" (type: KEYBOARD, id 11)
[    70.586] (**) Option "xkb_model" "pc105"
[    70.586] (**) Option "xkb_layout" "us"
[    70.587] (II) event5  - Ideapad extra buttons: is tagged by udev as: Keyboard
[    70.588] (II) event5  - Ideapad extra buttons: device is a keyboard
[    70.589] (II) config/udev: Adding input device HDA Intel PCH HDMI/DP,pcm=3 (/dev/input/event10)
[    70.589] (II) No input driver specified, ignoring this device.
[    70.589] (II) This device may have been added with another device file.
[    70.590] (II) config/udev: Adding input device HDA Intel PCH HDMI/DP,pcm=7 (/dev/input/event11)
[    70.590] (II) No input driver specified, ignoring this device.
[    70.590] (II) This device may have been added with another device file.
[    70.591] (II) config/udev: Adding input device HDA Intel PCH HDMI/DP,pcm=8 (/dev/input/event12)
[    70.591] (II) No input driver specified, ignoring this device.
[    70.591] (II) This device may have been added with another device file.
[    70.592] (II) config/udev: Adding input device HDA Intel PCH HDMI/DP,pcm=9 (/dev/input/event13)
[    70.592] (II) No input driver specified, ignoring this device.
[    70.592] (II) This device may have been added with another device file.
[    70.593] (II) config/udev: Adding input device HDA Intel PCH HDMI/DP,pcm=10 (/dev/input/event14)
[    70.593] (II) No input driver specified, ignoring this device.
[    70.593] (II) This device may have been added with another device file.
[    70.593] (II) config/udev: Adding input device HDA Intel PCH Mic (/dev/input/event8)
[    70.594] (II) No input driver specified, ignoring this device.
[    70.594] (II) This device may have been added with another device file.
[    70.594] (II) config/udev: Adding input device HDA Intel PCH Headphone (/dev/input/event9)
[    70.594] (II) No input driver specified, ignoring this device.
[    70.594] (II) This device may have been added with another device file.
[    70.596] (II) config/udev: Adding input device AT Translated Set 2 keyboard (/dev/input/event2)
[    70.596] (**) AT Translated Set 2 keyboard: Applying InputClass "libinput keyboard catchall"
[    70.596] (II) Using input driver 'libinput' for 'AT Translated Set 2 keyboard'
[    70.598] (II) systemd-logind: got fd for /dev/input/event2 13:66 fd 30 paused 0
[    70.598] (**) AT Translated Set 2 keyboard: always reports core events
[    70.598] (**) Option "Device" "/dev/input/event2"
[    70.598] (**) Option "_source" "server/udev"
[    70.599] (II) event2  - AT Translated Set 2 keyboard: is tagged by udev as: Keyboard
[    70.599] (II) event2  - AT Translated Set 2 keyboard: device is a keyboard
[    70.599] (II) event2  - AT Translated Set 2 keyboard: device removed
[    70.599] (**) Option "config_info" "udev:/sys/devices/platform/i8042/serio0/input/input2/event2"
[    70.599] (II) XINPUT: Adding extended input device "AT Translated Set 2 keyboard" (type: KEYBOARD, id 12)
[    70.599] (**) Option "xkb_model" "pc105"
[    70.599] (**) Option "xkb_layout" "us"
[    70.601] (II) event2  - AT Translated Set 2 keyboard: is tagged by udev as: Keyboard
[    70.601] (II) event2  - AT Translated Set 2 keyboard: device is a keyboard
[    71.504] (II) modeset(0): EDID vendor "BOE", prod id 1653
[    71.504] (II) modeset(0): Printing DDC gathered Modelines:
[    71.504] (II) modeset(0): Modeline "1366x768"x0.0   72.30  1366 1414 1446 1526  768 771 777 790 +hsync -vsync (47.4 kHz eP)
